build/app/intermediates/manifest_merge_blame_file/release/manifest-merger-blame-release-report.txt
1<?xml version="1.0" encoding="utf-8"?>
2<manifest xmlns:android="http://schemas.android.com/apk/res/android"
3    package="com.tripmybuzz.app"
4    android:versionCode="32"
5    android:versionName="1.0" >
6
7    <uses-sdk
8        android:minSdkVersion="22"
8-->src\main\AndroidManifest.xml
9        android:targetSdkVersion="33" />
9-->src\main\AndroidManifest.xml
10
11    <uses-permission android:name="android.permission.INTERNET" />
11-->src\main\AndroidManifest.xml:5:5-67
11-->src\main\AndroidManifest.xml:5:22-64
12    <uses-permission android:name="android.permission.ACCESS_WIFI_STATE" />
12-->src\main\AndroidManifest.xml:6:5-76
12-->src\main\AndroidManifest.xml:6:22-73
13    <uses-permission android:name="android.permission.ACCESS_NETWORK_STATE" />
13-->src\main\AndroidManifest.xml:7:5-79
13-->src\main\AndroidManifest.xml:7:22-76
14    <uses-permission android:name="android.permission.WAKE_LOCK" /> <!-- Permissions options for the `notification` group -->
14-->[:firebase_messaging] AndroidManifest.xml:10:5-68
14-->[:firebase_messaging] AndroidManifest.xml:10:22-65
15    <uses-permission android:name="android.permission.POST_NOTIFICATIONS" />
15-->[:firebase_messaging] AndroidManifest.xml:13:5-77
15-->[:firebase_messaging] AndroidManifest.xml:13:22-74
16
17    <queries>
17-->[:flutter_inappwebview] AndroidManifest.xml:9:5-13:15
18        <intent>
18-->[:flutter_inappwebview] AndroidManifest.xml:10:9-12:18
19            <action android:name="android.support.customtabs.action.CustomTabsService" />
19-->[:flutter_inappwebview] AndroidManifest.xml:11:13-90
19-->[:flutter_inappwebview] AndroidManifest.xml:11:21-87
20        </intent>
21
22        <package android:name="com.facebook.katana" />
22-->[com.facebook.android:audience-network-sdk:6.14.0] AndroidManifest.xml:12:9-55
22-->[com.facebook.android:audience-network-sdk:6.14.0] AndroidManifest.xml:12:18-52
23
24        <intent>
24-->[com.google.firebase:firebase-inappmessaging-display:20.3.1] AndroidManifest.xml:13:9-17:18
25            <action android:name="android.intent.action.VIEW" />
25-->src\main\AndroidManifest.xml:48:17-69
25-->src\main\AndroidManifest.xml:48:25-66
26
27            <data android:scheme="https" />
27-->src\main\AndroidManifest.xml:52:17-55:23
27-->src\main\AndroidManifest.xml:53:21-43
28        </intent> <!-- For browser content -->
29        <intent>
29-->[com.google.android.gms:play-services-ads-lite:21.3.0] AndroidManifest.xml:31:9-37:18
30            <action android:name="android.intent.action.VIEW" />
30-->src\main\AndroidManifest.xml:48:17-69
30-->src\main\AndroidManifest.xml:48:25-66
31
32            <category android:name="android.intent.category.BROWSABLE" />
32-->src\main\AndroidManifest.xml:50:17-78
32-->src\main\AndroidManifest.xml:50:27-75
33
34            <data android:scheme="https" />
34-->src\main\AndroidManifest.xml:52:17-55:23
34-->src\main\AndroidManifest.xml:53:21-43
35        </intent>
36    </queries> <!-- Create a unique permission for your app and use it so only your app can receive your OneSignal messages. -->
37    <permission
37-->[com.onesignal:OneSignal:4.8.5] AndroidManifest.xml:7:5-9:47
38        android:name="com.tripmybuzz.app.permission.C2D_MESSAGE"
38-->[com.onesignal:OneSignal:4.8.5] AndroidManifest.xml:8:9-63
39        android:protectionLevel="signature" />
39-->[com.onesignal:OneSignal:4.8.5] AndroidManifest.xml:9:9-44
40
41    <uses-permission android:name="com.tripmybuzz.app.permission.C2D_MESSAGE" /> <!-- c2dm RECEIVE are basic requirements for push messages through Google's FCM -->
41-->[com.onesignal:OneSignal:4.8.5] AndroidManifest.xml:11:5-79
41-->[com.onesignal:OneSignal:4.8.5] AndroidManifest.xml:11:22-76
42    <uses-permission android:name="com.google.android.c2dm.permission.RECEIVE" />
42-->[com.onesignal:OneSignal:4.8.5] AndroidManifest.xml:18:5-82
42-->[com.onesignal:OneSignal:4.8.5] AndroidManifest.xml:18:22-79
43    <!--
44 Required so the device vibrates on receiving a push notification.
45         Vibration settings of the device still apply.
46    -->
47    <uses-permission android:name="android.permission.VIBRATE" />
47-->[com.onesignal:OneSignal:4.8.5] AndroidManifest.xml:24:5-66
47-->[com.onesignal:OneSignal:4.8.5] AndroidManifest.xml:24:22-63
48    <!--
49 Use to restore notifications the user hasn't interacted with.
50         They could be missed notifications if the user reboots their device if this isn't in place.
51    -->
52    <uses-permission android:name="android.permission.RECEIVE_BOOT_COMPLETED" /> <!-- START: ShortcutBadger -->
52-->[com.onesignal:OneSignal:4.8.5] AndroidManifest.xml:30:5-81
52-->[com.onesignal:OneSignal:4.8.5] AndroidManifest.xml:30:22-78
53    <!-- Samsung -->
54    <uses-permission android:name="com.sec.android.provider.badge.permission.READ" />
54-->[com.onesignal:OneSignal:4.8.5] AndroidManifest.xml:32:5-86
54-->[com.onesignal:OneSignal:4.8.5] AndroidManifest.xml:32:22-83
55    <uses-permission android:name="com.sec.android.provider.badge.permission.WRITE" /> <!-- HTC -->
55-->[com.onesignal:OneSignal:4.8.5] AndroidManifest.xml:33:5-87
55-->[com.onesignal:OneSignal:4.8.5] AndroidManifest.xml:33:22-84
56    <uses-permission android:name="com.htc.launcher.permission.READ_SETTINGS" />
56-->[com.onesignal:OneSignal:4.8.5] AndroidManifest.xml:34:5-81
56-->[com.onesignal:OneSignal:4.8.5] AndroidManifest.xml:34:22-78
57    <uses-permission android:name="com.htc.launcher.permission.UPDATE_SHORTCUT" /> <!-- Sony -->
57-->[com.onesignal:OneSignal:4.8.5] AndroidManifest.xml:35:5-83
57-->[com.onesignal:OneSignal:4.8.5] AndroidManifest.xml:35:22-80
58    <uses-permission android:name="com.sonyericsson.home.permission.BROADCAST_BADGE" />
58-->[com.onesignal:OneSignal:4.8.5] AndroidManifest.xml:36:5-88
58-->[com.onesignal:OneSignal:4.8.5] AndroidManifest.xml:36:22-85
59    <uses-permission android:name="com.sonymobile.home.permission.PROVIDER_INSERT_BADGE" /> <!-- Apex -->
59-->[com.onesignal:OneSignal:4.8.5] AndroidManifest.xml:37:5-92
59-->[com.onesignal:OneSignal:4.8.5] AndroidManifest.xml:37:22-89
60    <uses-permission android:name="com.anddoes.launcher.permission.UPDATE_COUNT" /> <!-- Solid -->
60-->[com.onesignal:OneSignal:4.8.5] AndroidManifest.xml:38:5-84
60-->[com.onesignal:OneSignal:4.8.5] AndroidManifest.xml:38:22-81
61    <uses-permission android:name="com.majeur.launcher.permission.UPDATE_BADGE" /> <!-- Huawei -->
61-->[com.onesignal:OneSignal:4.8.5] AndroidManifest.xml:39:5-83
61-->[com.onesignal:OneSignal:4.8.5] AndroidManifest.xml:39:22-80
62    <uses-permission android:name="com.huawei.android.launcher.permission.CHANGE_BADGE" />
62-->[com.onesignal:OneSignal:4.8.5] AndroidManifest.xml:40:5-91
62-->[com.onesignal:OneSignal:4.8.5] AndroidManifest.xml:40:22-88
63    <uses-permission android:name="com.huawei.android.launcher.permission.READ_SETTINGS" />
63-->[com.onesignal:OneSignal:4.8.5] AndroidManifest.xml:41:5-92
63-->[com.onesignal:OneSignal:4.8.5] AndroidManifest.xml:41:22-89
64    <uses-permission android:name="com.huawei.android.launcher.permission.WRITE_SETTINGS" /> <!-- ZUK -->
64-->[com.onesignal:OneSignal:4.8.5] AndroidManifest.xml:42:5-93
64-->[com.onesignal:OneSignal:4.8.5] AndroidManifest.xml:42:22-90
65    <uses-permission android:name="android.permission.READ_APP_BADGE" /> <!-- OPPO -->
65-->[com.onesignal:OneSignal:4.8.5] AndroidManifest.xml:43:5-73
65-->[com.onesignal:OneSignal:4.8.5] AndroidManifest.xml:43:22-70
66    <uses-permission android:name="com.oppo.launcher.permission.READ_SETTINGS" />
66-->[com.onesignal:OneSignal:4.8.5] AndroidManifest.xml:44:5-82
66-->[com.onesignal:OneSignal:4.8.5] AndroidManifest.xml:44:22-79
67    <uses-permission android:name="com.oppo.launcher.permission.WRITE_SETTINGS" /> <!-- EvMe -->
67-->[com.onesignal:OneSignal:4.8.5] AndroidManifest.xml:45:5-83
67-->[com.onesignal:OneSignal:4.8.5] AndroidManifest.xml:45:22-80
68    <uses-permission android:name="me.everything.badger.permission.BADGE_COUNT_READ" />
68-->[com.onesignal:OneSignal:4.8.5] AndroidManifest.xml:46:5-88
68-->[com.onesignal:OneSignal:4.8.5] AndroidManifest.xml:46:22-85
69    <uses-permission android:name="me.everything.badger.permission.BADGE_COUNT_WRITE" />
69-->[com.onesignal:OneSignal:4.8.5] AndroidManifest.xml:47:5-89
69-->[com.onesignal:OneSignal:4.8.5] AndroidManifest.xml:47:22-86
70    <uses-permission android:name="com.google.android.gms.permission.AD_ID" />
70-->[com.facebook.android:audience-network-sdk:6.14.0] AndroidManifest.xml:17:5-79
70-->[com.facebook.android:audience-network-sdk:6.14.0] AndroidManifest.xml:17:22-76
71    <uses-permission android:name="com.google.android.finsky.permission.BIND_GET_INSTALL_REFERRER_SERVICE" />
71-->[com.google.android.gms:play-services-measurement:21.2.2] AndroidManifest.xml:26:5-110
71-->[com.google.android.gms:play-services-measurement:21.2.2] AndroidManifest.xml:26:22-107
72    <uses-permission android:name="android.permission.FOREGROUND_SERVICE" />
72-->[androidx.work:work-runtime:2.7.0] AndroidManifest.xml:28:5-77
72-->[androidx.work:work-runtime:2.7.0] AndroidManifest.xml:28:22-74
73
74    <permission
74-->[androidx.core:core:1.9.0] AndroidManifest.xml:22:5-24:47
75        android:name="com.tripmybuzz.app.DYNAMIC_RECEIVER_NOT_EXPORTED_PERMISSION"
75-->[androidx.core:core:1.9.0] AndroidManifest.xml:23:9-81
76        android:protectionLevel="signature" />
76-->[androidx.core:core:1.9.0] AndroidManifest.xml:24:9-44
77
78    <uses-permission android:name="com.tripmybuzz.app.DYNAMIC_RECEIVER_NOT_EXPORTED_PERMISSION" />
78-->[androidx.core:core:1.9.0] AndroidManifest.xml:26:5-97
78-->[androidx.core:core:1.9.0] AndroidManifest.xml:26:22-94
79    <uses-permission android:name="android.permission.CAMERA" /> <!-- Don't require camera, as this requires a rear camera. This allows it to work on the Nexus 7 -->
79-->[com.journeyapps:zxing-android-embedded:4.3.0] AndroidManifest.xml:22:5-65
79-->[com.journeyapps:zxing-android-embedded:4.3.0] AndroidManifest.xml:22:22-62
80    <uses-feature
80-->[com.journeyapps:zxing-android-embedded:4.3.0] AndroidManifest.xml:25:5-27:36
81        android:name="android.hardware.camera"
81-->[com.journeyapps:zxing-android-embedded:4.3.0] AndroidManifest.xml:26:9-47
82        android:required="false" />
82-->[com.journeyapps:zxing-android-embedded:4.3.0] AndroidManifest.xml:27:9-33
83    <uses-feature
83-->[com.journeyapps:zxing-android-embedded:4.3.0] AndroidManifest.xml:28:5-30:36
84        android:name="android.hardware.camera.front"
84-->[com.journeyapps:zxing-android-embedded:4.3.0] AndroidManifest.xml:29:9-53
85        android:required="false" /> <!-- TODO replace above two with next line after Android 4.2 -->
85-->[com.journeyapps:zxing-android-embedded:4.3.0] AndroidManifest.xml:30:9-33
86    <!-- <uses-feature android:name="android.hardware.camera.any"/> -->
87    <uses-feature
87-->[com.journeyapps:zxing-android-embedded:4.3.0] AndroidManifest.xml:33:5-35:36
88        android:name="android.hardware.camera.autofocus"
88-->[com.journeyapps:zxing-android-embedded:4.3.0] AndroidManifest.xml:34:9-57
89        android:required="false" />
89-->[com.journeyapps:zxing-android-embedded:4.3.0] AndroidManifest.xml:35:9-33
90    <uses-feature
90-->[com.journeyapps:zxing-android-embedded:4.3.0] AndroidManifest.xml:36:5-38:36
91        android:name="android.hardware.camera.flash"
91-->[com.journeyapps:zxing-android-embedded:4.3.0] AndroidManifest.xml:37:9-53
92        android:required="false" />
92-->[com.journeyapps:zxing-android-embedded:4.3.0] AndroidManifest.xml:38:9-33
93    <uses-feature
93-->[com.journeyapps:zxing-android-embedded:4.3.0] AndroidManifest.xml:39:5-41:36
94        android:name="android.hardware.screen.landscape"
94-->[com.journeyapps:zxing-android-embedded:4.3.0] AndroidManifest.xml:40:9-57
95        android:required="false" />
95-->[com.journeyapps:zxing-android-embedded:4.3.0] AndroidManifest.xml:41:9-33
96    <uses-feature
96-->[com.journeyapps:zxing-android-embedded:4.3.0] AndroidManifest.xml:42:5-44:36
97        android:name="android.hardware.wifi"
97-->[com.journeyapps:zxing-android-embedded:4.3.0] AndroidManifest.xml:43:9-45
98        android:required="false" /> <!-- <uses-permission android:name="android.permission.WRITE_EXTERNAL_STORAGE" /> -->
98-->[com.journeyapps:zxing-android-embedded:4.3.0] AndroidManifest.xml:44:9-33
99    <!-- <uses-permission android:name="android.permission.READ_EXTERNAL_STORAGE" /> -->
100    <!-- <uses-permission android:name="android.permission.ACCESS_FINE_LOCATION" /> -->
101    <!-- <uses-permission android:name="android.permission.ACCESS_COARSE_LOCATION" /> -->
102    <!-- <uses-feature android:name="android.hardware.camera" /> -->
103    <!-- <uses-feature android:name="android.hardware.camera.autofocus" /> -->
104    <!-- <uses-permission android:name="android.permission.CAMERA" /> -->
105    <!-- <uses-permission android:name="android.permission.RECORD_AUDIO" /> -->
106    <!-- <uses-permission android:name="android.permission.ACCESS_NETWORK_STATE" /> -->
107    <!-- <uses-permission android:name="android.permission.CHANGE_NETWORK_STATE" /> -->
108    <!-- <uses-permission android:name="android.permission.MODIFY_AUDIO_SETTINGS" /> -->
109    <!-- <uses-permission android:name="android.permission.BLUETOOTH" /> -->
110    <!-- <uses-permission android:name="android.permission.BLUETOOTH_ADMIN" /> -->
111    <!-- <uses-permission android:name="android.permission.VIDEO_CAPTURE" /> -->
112    <!-- <uses-permission android:name="android.permission.AUDIO_CAPTURE" /> -->
113    <!-- <uses-permission android:name="com.google.android.gms.permission.AD_ID"/> -->
114    <application
114-->src\main\AndroidManifest.xml:27:5-91:19
115        android:appComponentFactory="androidx.core.app.CoreComponentFactory"
115-->[androidx.core:core:1.9.0] AndroidManifest.xml:28:18-86
116        android:hardwareAccelerated="true"
116-->[:facebook_audience_network] AndroidManifest.xml:9:18-52
117        android:icon="@mipmap/ic_launcher"
117-->src\main\AndroidManifest.xml:28:9-43
118        android:label="TripMyBuzz"
118-->src\main\AndroidManifest.xml:29:9-35
119        android:requestLegacyExternalStorage="true"
119-->src\main\AndroidManifest.xml:30:9-52
120        android:usesCleartextTraffic="true" >
120-->src\main\AndroidManifest.xml:31:9-44
121        <meta-data
121-->src\main\AndroidManifest.xml:34:9-36:70
122            android:name="com.google.android.gms.ads.APPLICATION_ID"
122-->src\main\AndroidManifest.xml:35:13-69
123            android:value="ca-app-pub-3940256099942544~3347511713" />
123-->src\main\AndroidManifest.xml:36:13-67
124
125        <activity
125-->src\main\AndroidManifest.xml:38:9-73:20
126            android:name="com.mighty.web.MainActivity"
126-->src\main\AndroidManifest.xml:39:13-55
127            android:configChanges="orientation|keyboardHidden|keyboard|screenSize|smallestScreenSize|locale|layoutDirection|fontScale|screenLayout|density|uiMode"
127-->src\main\AndroidManifest.xml:40:13-163
128            android:exported="true"
128-->src\main\AndroidManifest.xml:43:13-36
129            android:hardwareAccelerated="true"
129-->src\main\AndroidManifest.xml:41:13-47
130            android:launchMode="singleTop"
130-->src\main\AndroidManifest.xml:42:13-43
131            android:theme="@style/LaunchTheme"
131-->src\main\AndroidManifest.xml:44:13-47
132            android:windowSoftInputMode="adjustResize" >
132-->src\main\AndroidManifest.xml:45:13-55
133            <intent-filter>
133-->src\main\AndroidManifest.xml:47:13-56:29
134                <action android:name="android.intent.action.VIEW" />
134-->src\main\AndroidManifest.xml:48:17-69
134-->src\main\AndroidManifest.xml:48:25-66
135
136                <category android:name="android.intent.category.DEFAULT" />
136-->src\main\AndroidManifest.xml:49:17-76
136-->src\main\AndroidManifest.xml:49:27-73
137                <category android:name="android.intent.category.BROWSABLE" />
137-->src\main\AndroidManifest.xml:50:17-78
137-->src\main\AndroidManifest.xml:50:27-75
138
139                <data
139-->src\main\AndroidManifest.xml:52:17-55:23
140                    android:host="www.google.com"
140-->src\main\AndroidManifest.xml:54:21-50
141                    android:scheme="https" />
141-->src\main\AndroidManifest.xml:53:21-43
142            </intent-filter>
143
144            <meta-data
144-->src\main\AndroidManifest.xml:58:13-60:57
145                android:name="io.flutter.embedding.android.NormalTheme"
145-->src\main\AndroidManifest.xml:59:17-72
146                android:resource="@style/NormalTheme" />
146-->src\main\AndroidManifest.xml:60:17-54
147            <meta-data
147-->src\main\AndroidManifest.xml:62:13-64:66
148                android:name="io.flutter.embedding.android.SplashScreenDrawable"
148-->src\main\AndroidManifest.xml:63:17-81
149                android:resource="@drawable/launch_background" />
149-->src\main\AndroidManifest.xml:64:17-63
150
151            <intent-filter>
151-->src\main\AndroidManifest.xml:66:13-71:29
152                <action android:name="android.intent.action.MAIN" />
152-->src\main\AndroidManifest.xml:67:17-69
152-->src\main\AndroidManifest.xml:67:25-66
153                <action android:name="android.intent.action.VIEW" />
153-->src\main\AndroidManifest.xml:48:17-69
153-->src\main\AndroidManifest.xml:48:25-66
154
155                <category android:name="android.intent.category.LAUNCHER" />
155-->src\main\AndroidManifest.xml:70:17-77
155-->src\main\AndroidManifest.xml:70:27-74
156            </intent-filter>
157        </activity>
158
159        <meta-data
159-->src\main\AndroidManifest.xml:75:9-77:33
160            android:name="flutterEmbedding"
160-->src\main\AndroidManifest.xml:76:13-44
161            android:value="2" />
161-->src\main\AndroidManifest.xml:77:13-30
162
163        <provider
164            android:name="com.pichillilorenzo.flutter_inappwebview.InAppWebViewFileProvider"
164-->src\main\AndroidManifest.xml:81:13-93
165            android:authorities="com.tripmybuzz.app.flutter_inappwebview.fileprovider"
165-->src\main\AndroidManifest.xml:82:13-85
166            android:exported="false"
166-->src\main\AndroidManifest.xml:83:13-37
167            android:grantUriPermissions="true" >
167-->src\main\AndroidManifest.xml:84:13-47
168            <meta-data
168-->src\main\AndroidManifest.xml:85:13-87:54
169                android:name="android.support.FILE_PROVIDER_PATHS"
169-->src\main\AndroidManifest.xml:86:17-67
170                android:resource="@xml/file_paths" />
170-->src\main\AndroidManifest.xml:87:17-51
171        </provider>
172
173        <meta-data
173-->src\main\AndroidManifest.xml:89:9-91
174            android:name="com.onesignal.suppressLaunchURLs"
174-->src\main\AndroidManifest.xml:89:20-67
175            android:value="true" />
175-->src\main\AndroidManifest.xml:89:68-88
176
177        <service
177-->[:firebase_in_app_messaging] AndroidManifest.xml:10:9-14:19
178            android:name="com.google.firebase.components.ComponentDiscoveryService"
178-->[:firebase_in_app_messaging] AndroidManifest.xml:10:18-89
179            android:directBootAware="true"
179-->[com.google.firebase:firebase-common:20.3.2] AndroidManifest.xml:34:13-43
180            android:exported="false" >
180-->[com.google.firebase:firebase-iid:21.1.0] AndroidManifest.xml:31:13-37
181            <meta-data
181-->[:firebase_in_app_messaging] AndroidManifest.xml:11:13-13:85
182                android:name="com.google.firebase.components:io.flutter.plugins.firebase.inappmessaging.FlutterFirebaseAppRegistrar"
182-->[:firebase_in_app_messaging] AndroidManifest.xml:12:17-133
183                android:value="com.google.firebase.components.ComponentRegistrar" />
183-->[:firebase_in_app_messaging] AndroidManifest.xml:13:17-82
184            <meta-data
184-->[:firebase_messaging] AndroidManifest.xml:38:13-40:85
185                android:name="com.google.firebase.components:io.flutter.plugins.firebase.messaging.FlutterFirebaseAppRegistrar"
185-->[:firebase_messaging] AndroidManifest.xml:39:17-128
186                android:value="com.google.firebase.components.ComponentRegistrar" />
186-->[:firebase_messaging] AndroidManifest.xml:40:17-82
187            <meta-data
187-->[:firebase_core] AndroidManifest.xml:11:13-13:85
188                android:name="com.google.firebase.components:io.flutter.plugins.firebase.core.FlutterFirebaseCoreRegistrar"
188-->[:firebase_core] AndroidManifest.xml:12:17-124
189                android:value="com.google.firebase.components.ComponentRegistrar" />
189-->[:firebase_core] AndroidManifest.xml:13:17-82
190            <meta-data
190-->[com.google.firebase:firebase-iid:21.1.0] AndroidManifest.xml:32:13-34:85
191                android:name="com.google.firebase.components:com.google.firebase.iid.Registrar"
191-->[com.google.firebase:firebase-iid:21.1.0] AndroidManifest.xml:33:17-96
192                android:value="com.google.firebase.components.ComponentRegistrar" />
192-->[com.google.firebase:firebase-iid:21.1.0] AndroidManifest.xml:34:17-82
193            <meta-data
193-->[com.google.firebase:firebase-messaging:23.1.2] AndroidManifest.xml:55:13-57:85
194                android:name="com.google.firebase.components:com.google.firebase.messaging.FirebaseMessagingRegistrar"
194-->[com.google.firebase:firebase-messaging:23.1.2] AndroidManifest.xml:56:17-119
195                android:value="com.google.firebase.components.ComponentRegistrar" />
195-->[com.google.firebase:firebase-messaging:23.1.2] AndroidManifest.xml:57:17-82
196            <meta-data
196-->[com.google.firebase:firebase-inappmessaging-display:20.3.1] AndroidManifest.xml:24:13-26:85
197                android:name="com.google.firebase.components:com.google.firebase.inappmessaging.display.FirebaseInAppMessagingDisplayRegistrar"
197-->[com.google.firebase:firebase-inappmessaging-display:20.3.1] AndroidManifest.xml:25:17-144
198                android:value="com.google.firebase.components.ComponentRegistrar" />
198-->[com.google.firebase:firebase-inappmessaging-display:20.3.1] AndroidManifest.xml:26:17-82
199            <meta-data
199-->[com.google.android.gms:play-services-measurement-api:21.2.2] AndroidManifest.xml:31:13-33:85
200                android:name="com.google.firebase.components:com.google.firebase.analytics.connector.internal.AnalyticsConnectorRegistrar"
200-->[com.google.android.gms:play-services-measurement-api:21.2.2] AndroidManifest.xml:32:17-139
201                android:value="com.google.firebase.components.ComponentRegistrar" />
201-->[com.google.android.gms:play-services-measurement-api:21.2.2] AndroidManifest.xml:33:17-82
202            <meta-data
202-->[com.google.firebase:firebase-inappmessaging:20.3.1] AndroidManifest.xml:16:13-18:85
203                android:name="com.google.firebase.components:com.google.firebase.inappmessaging.FirebaseInAppMessagingRegistrar"
203-->[com.google.firebase:firebase-inappmessaging:20.3.1] AndroidManifest.xml:17:17-129
204                android:value="com.google.firebase.components.ComponentRegistrar" />
204-->[com.google.firebase:firebase-inappmessaging:20.3.1] AndroidManifest.xml:18:17-82
205            <meta-data
205-->[com.google.firebase:firebase-installations:17.1.3] AndroidManifest.xml:17:13-19:85
206                android:name="com.google.firebase.components:com.google.firebase.installations.FirebaseInstallationsRegistrar"
206-->[com.google.firebase:firebase-installations:17.1.3] AndroidManifest.xml:18:17-127
207                android:value="com.google.firebase.components.ComponentRegistrar" />
207-->[com.google.firebase:firebase-installations:17.1.3] AndroidManifest.xml:19:17-82
208            <meta-data
208-->[com.google.firebase:firebase-datatransport:18.1.7] AndroidManifest.xml:27:13-29:85
209                android:name="com.google.firebase.components:com.google.firebase.datatransport.TransportRegistrar"
209-->[com.google.firebase:firebase-datatransport:18.1.7] AndroidManifest.xml:28:17-115
210                android:value="com.google.firebase.components.ComponentRegistrar" />
210-->[com.google.firebase:firebase-datatransport:18.1.7] AndroidManifest.xml:29:17-82
211            <meta-data
211-->[com.google.firebase:firebase-abt:21.1.1] AndroidManifest.xml:12:13-14:85
212                android:name="com.google.firebase.components:com.google.firebase.abt.component.AbtRegistrar"
212-->[com.google.firebase:firebase-abt:21.1.1] AndroidManifest.xml:13:17-109
213                android:value="com.google.firebase.components.ComponentRegistrar" />
213-->[com.google.firebase:firebase-abt:21.1.1] AndroidManifest.xml:14:17-82
214        </service>
215        <service
215-->[:firebase_messaging] AndroidManifest.xml:16:9-19:72
216            android:name="io.flutter.plugins.firebase.messaging.FlutterFirebaseMessagingBackgroundService"
216-->[:firebase_messaging] AndroidManifest.xml:17:13-107
217            android:exported="false"
217-->[:firebase_messaging] AndroidManifest.xml:18:13-37
218            android:permission="android.permission.BIND_JOB_SERVICE" />
218-->[:firebase_messaging] AndroidManifest.xml:19:13-69
219        <service
219-->[:firebase_messaging] AndroidManifest.xml:20:9-26:19
220            android:name="io.flutter.plugins.firebase.messaging.FlutterFirebaseMessagingService"
220-->[:firebase_messaging] AndroidManifest.xml:21:13-97
221            android:exported="false" >
221-->[:firebase_messaging] AndroidManifest.xml:22:13-37
222            <intent-filter>
222-->[:firebase_messaging] AndroidManifest.xml:23:13-25:29
223                <action android:name="com.google.firebase.MESSAGING_EVENT" />
223-->[:firebase_messaging] AndroidManifest.xml:24:17-78
223-->[:firebase_messaging] AndroidManifest.xml:24:25-75
224            </intent-filter>
225        </service>
226
227        <receiver
227-->[:firebase_messaging] AndroidManifest.xml:28:9-35:20
228            android:name="io.flutter.plugins.firebase.messaging.FlutterFirebaseMessagingReceiver"
228-->[:firebase_messaging] AndroidManifest.xml:29:13-98
229            android:exported="true"
229-->[:firebase_messaging] AndroidManifest.xml:30:13-36
230            android:permission="com.google.android.c2dm.permission.SEND" >
230-->[:firebase_messaging] AndroidManifest.xml:31:13-73
231            <intent-filter>
231-->[:firebase_messaging] AndroidManifest.xml:32:13-34:29
232                <action android:name="com.google.android.c2dm.intent.RECEIVE" />
232-->[:firebase_messaging] AndroidManifest.xml:33:17-81
232-->[:firebase_messaging] AndroidManifest.xml:33:25-78
233            </intent-filter>
234        </receiver>
235
236        <provider
236-->[:firebase_messaging] AndroidManifest.xml:43:9-47:38
237            android:name="io.flutter.plugins.firebase.messaging.FlutterFirebaseMessagingInitProvider"
237-->[:firebase_messaging] AndroidManifest.xml:44:13-102
238            android:authorities="com.tripmybuzz.app.flutterfirebasemessaginginitprovider"
238-->[:firebase_messaging] AndroidManifest.xml:45:13-88
239            android:exported="false"
239-->[:firebase_messaging] AndroidManifest.xml:46:13-37
240            android:initOrder="99" />
240-->[:firebase_messaging] AndroidManifest.xml:47:13-35
241
242        <activity
242-->[:url_launcher_android] AndroidManifest.xml:10:9-13:74
243            android:name="io.flutter.plugins.urllauncher.WebViewActivity"
243-->[:url_launcher_android] AndroidManifest.xml:11:13-74
244            android:exported="false"
244-->[:url_launcher_android] AndroidManifest.xml:12:13-37
245            android:theme="@android:style/Theme.NoTitleBar.Fullscreen" />
245-->[:url_launcher_android] AndroidManifest.xml:13:13-71
246        <activity
246-->[:flutter_inappwebview] AndroidManifest.xml:16:9-20:47
247            android:name="com.pichillilorenzo.flutter_inappwebview.in_app_browser.InAppBrowserActivity"
247-->[:flutter_inappwebview] AndroidManifest.xml:17:13-104
248            android:configChanges="orientation|keyboardHidden|keyboard|screenSize|locale|layoutDirection|fontScale|screenLayout|density"
248-->[:flutter_inappwebview] AndroidManifest.xml:18:13-137
249            android:exported="false"
249-->[:flutter_inappwebview] AndroidManifest.xml:19:13-37
250            android:theme="@style/AppTheme" />
250-->[:flutter_inappwebview] AndroidManifest.xml:20:13-44
251        <activity
251-->[:flutter_inappwebview] AndroidManifest.xml:21:9-24:55
252            android:name="com.pichillilorenzo.flutter_inappwebview.chrome_custom_tabs.ChromeCustomTabsActivity"
252-->[:flutter_inappwebview] AndroidManifest.xml:22:13-112
253            android:exported="false"
253-->[:flutter_inappwebview] AndroidManifest.xml:23:13-37
254            android:theme="@style/ThemeTransparent" />
254-->[:flutter_inappwebview] AndroidManifest.xml:24:13-52
255        <activity
255-->[:flutter_inappwebview] AndroidManifest.xml:25:9-28:55
256            android:name="com.pichillilorenzo.flutter_inappwebview.chrome_custom_tabs.TrustedWebActivity"
256-->[:flutter_inappwebview] AndroidManifest.xml:26:13-106
257            android:exported="false"
257-->[:flutter_inappwebview] AndroidManifest.xml:27:13-37
258            android:theme="@style/ThemeTransparent" />
258-->[:flutter_inappwebview] AndroidManifest.xml:28:13-52
259        <activity
259-->[:flutter_inappwebview] AndroidManifest.xml:29:9-33:55
260            android:name="com.pichillilorenzo.flutter_inappwebview.chrome_custom_tabs.ChromeCustomTabsActivitySingleInstance"
260-->[:flutter_inappwebview] AndroidManifest.xml:30:13-126
261            android:exported="false"
261-->[:flutter_inappwebview] AndroidManifest.xml:31:13-37
262            android:launchMode="singleInstance"
262-->[:flutter_inappwebview] AndroidManifest.xml:32:13-48
263            android:theme="@style/ThemeTransparent" />
263-->[:flutter_inappwebview] AndroidManifest.xml:33:13-52
264        <activity
264-->[:flutter_inappwebview] AndroidManifest.xml:34:9-38:55